<?xml version="1.0" encoding="UTF-8"?>
<!-- Generated by org.testng.reporters.JUnitXMLReporter -->
<testsuite ignored="0" hostname="DESKTOP-7IBSP58" failures="0" tests="4" name="Test" time="50.877" errors="0" timestamp="2022-07-04T17:17:08 IST">
  <testcase classname="com.banking.testcases.TC_LoginTest_001" name="Logintest" time="10.249"/>
  <testcase classname="com.banking.testcases.TC_LoginDDT_002" name="login" time="4.895"/>
  <testcase classname="com.banking.testcases.TC_LoginDDT_002" name="login" time="4.736"/>
  <testcase classname="com.banking.testcases.TC_LoginDDT_002" name="login" time="5.525"/>
</testsuite> <!-- Test -->
