<?xml version="1.0" encoding="UTF-8"?>
<testng-results ignored="0" total="4" passed="4" failed="0" skipped="0">
  <reporter-output>
  </reporter-output>
  <suite started-at="2022-07-04T17:16:17 IST" name="Suite" finished-at="2022-07-04T17:17:08 IST" duration-ms="50877">
    <groups>
    </groups>
    <test started-at="2022-07-04T17:16:17 IST" name="Test" finished-at="2022-07-04T17:17:08 IST" duration-ms="50877">
      <class name="com.banking.testcases.TC_LoginTest_001">
        <test-method is-config="true" signature="setup(java.lang.String)[pri:0, instance:com.banking.testcases.TC_LoginTest_001@26e356f0]" started-at="2022-07-04T17:16:17 IST" name="setup" finished-at="2022-07-04T17:16:25 IST" duration-ms="7849" status="PASS">
          <params>
            <param index="0">
              <value>
                <![CDATA[chrome]]>
              </value>
            </param>
          </params>
          <reporter-output>
          </reporter-output>
        </test-method> <!-- setup -->
        <test-method signature="Logintest()[pri:0, instance:com.banking.testcases.TC_LoginTest_001@26e356f0]" started-at="2022-07-04T17:16:25 IST" name="Logintest" finished-at="2022-07-04T17:16:35 IST" duration-ms="10249" status="PASS">
          <reporter-output>
          </reporter-output>
        </test-method> <!-- Logintest -->
        <test-method is-config="true" signature="teardown()[pri:0, instance:com.banking.testcases.TC_LoginTest_001@26e356f0]" started-at="2022-07-04T17:16:35 IST" name="teardown" finished-at="2022-07-04T17:16:35 IST" duration-ms="194" status="PASS">
          <reporter-output>
          </reporter-output>
        </test-method> <!-- teardown -->
      </class> <!-- com.banking.testcases.TC_LoginTest_001 -->
      <class name="com.banking.testcases.TC_LoginDDT_002">
        <test-method is-config="true" signature="setup(java.lang.String)[pri:0, instance:com.banking.testcases.TC_LoginDDT_002@20140db9]" started-at="2022-07-04T17:16:35 IST" name="setup" finished-at="2022-07-04T17:16:41 IST" duration-ms="5808" status="PASS">
          <params>
            <param index="0">
              <value>
                <![CDATA[chrome]]>
              </value>
            </param>
          </params>
          <reporter-output>
          </reporter-output>
        </test-method> <!-- setup -->
        <test-method signature="login(java.lang.String,java.lang.String)[pri:0, instance:com.banking.testcases.TC_LoginDDT_002@20140db9]" started-at="2022-07-04T17:16:41 IST" name="login" data-provider="LoginTestData" finished-at="2022-07-04T17:16:46 IST" duration-ms="4895" status="PASS">
          <params>
            <param index="0">
              <value>
                <![CDATA[mngr420192]]>
              </value>
            </param>
            <param index="1">
              <value>
                <![CDATA[quhYbUt]]>
              </value>
            </param>
          </params>
          <reporter-output>
          </reporter-output>
        </test-method> <!-- login -->
        <test-method is-config="true" signature="teardown()[pri:0, instance:com.banking.testcases.TC_LoginDDT_002@20140db9]" started-at="2022-07-04T17:16:46 IST" name="teardown" finished-at="2022-07-04T17:16:46 IST" duration-ms="205" status="PASS">
          <reporter-output>
          </reporter-output>
        </test-method> <!-- teardown -->
        <test-method is-config="true" signature="setup(java.lang.String)[pri:0, instance:com.banking.testcases.TC_LoginDDT_002@20140db9]" started-at="2022-07-04T17:16:46 IST" name="setup" finished-at="2022-07-04T17:16:52 IST" duration-ms="5514" status="PASS">
          <params>
            <param index="0">
              <value>
                <![CDATA[chrome]]>
              </value>
            </param>
          </params>
          <reporter-output>
          </reporter-output>
        </test-method> <!-- setup -->
        <test-method signature="login(java.lang.String,java.lang.String)[pri:0, instance:com.banking.testcases.TC_LoginDDT_002@20140db9]" started-at="2022-07-04T17:16:52 IST" name="login" data-provider="LoginTestData" finished-at="2022-07-04T17:16:57 IST" duration-ms="4736" status="PASS">
          <params>
            <param index="0">
              <value>
                <![CDATA[mngr420192]]>
              </value>
            </param>
            <param index="1">
              <value>
                <![CDATA[quhYbUt]]>
              </value>
            </param>
          </params>
          <reporter-output>
          </reporter-output>
        </test-method> <!-- login -->
        <test-method is-config="true" signature="teardown()[pri:0, instance:com.banking.testcases.TC_LoginDDT_002@20140db9]" started-at="2022-07-04T17:16:57 IST" name="teardown" finished-at="2022-07-04T17:16:57 IST" duration-ms="93" status="PASS">
          <reporter-output>
          </reporter-output>
        </test-method> <!-- teardown -->
        <test-method is-config="true" signature="setup(java.lang.String)[pri:0, instance:com.banking.testcases.TC_LoginDDT_002@20140db9]" started-at="2022-07-04T17:16:57 IST" name="setup" finished-at="2022-07-04T17:17:02 IST" duration-ms="5279" status="PASS">
          <params>
            <param index="0">
              <value>
                <![CDATA[chrome]]>
              </value>
            </param>
          </params>
          <reporter-output>
          </reporter-output>
        </test-method> <!-- setup -->
        <test-method signature="login(java.lang.String,java.lang.String)[pri:0, instance:com.banking.testcases.TC_LoginDDT_002@20140db9]" started-at="2022-07-04T17:17:02 IST" name="login" data-provider="LoginTestData" finished-at="2022-07-04T17:17:08 IST" duration-ms="5525" status="PASS">
          <params>
            <param index="0">
              <value>
                <![CDATA[mngr420192]]>
              </value>
            </param>
            <param index="1">
              <value>
                <![CDATA[quhYbUt]]>
              </value>
            </param>
          </params>
          <reporter-output>
          </reporter-output>
        </test-method> <!-- login -->
        <test-method is-config="true" signature="teardown()[pri:0, instance:com.banking.testcases.TC_LoginDDT_002@20140db9]" started-at="2022-07-04T17:17:08 IST" name="teardown" finished-at="2022-07-04T17:17:08 IST" duration-ms="141" status="PASS">
          <reporter-output>
          </reporter-output>
        </test-method> <!-- teardown -->
      </class> <!-- com.banking.testcases.TC_LoginDDT_002 -->
    </test> <!-- Test -->
  </suite> <!-- Suite -->
</testng-results>
